-------------------------------------------------------------------------------
Test set: com.sigma.service.UserServiceTest
-------------------------------------------------------------------------------
Tests run: 5, Failures: 0, Errors: 5, Skipped: 0, Time elapsed: 0.161 s <<< FAILURE! - in com.sigma.service.UserServiceTest
getAllUsers  Time elapsed: 0.024 s  <<< ERROR!
org.springframework.dao.DataIntegrityViolationException: could not execute query; SQL [select user0_.user_id as user_id1_6_, user0_.password as password2_6_, user0_.role as role3_6_, user0_.user_name as user_nam4_6_ from users user0_]; nested exception is org.hibernate.exception.DataException: could not execute query
	at com.sigma.service.UserServiceTest.getAllUsers(UserServiceTest.java:69)
Caused by: org.hibernate.exception.DataException: could not execute query
	at com.sigma.service.UserServiceTest.getAllUsers(UserServiceTest.java:69)
Caused by: java.sql.SQLDataException: Cannot determine value type from string 'ADMIN'
	at com.sigma.service.UserServiceTest.getAllUsers(UserServiceTest.java:69)
Caused by: com.mysql.cj.exceptions.DataConversionException: Cannot determine value type from string 'ADMIN'
	at com.sigma.service.UserServiceTest.getAllUsers(UserServiceTest.java:69)

findUserById  Time elapsed: 0.06 s  <<< ERROR!
org.springframework.dao.DataIntegrityViolationException: Could not read entity state from ResultSet : EntityKey[com.sigma.model.User#1]; SQL [n/a]; nested exception is org.hibernate.exception.DataException: Could not read entity state from ResultSet : EntityKey[com.sigma.model.User#1]
	at com.sigma.service.UserServiceTest.findUserById(UserServiceTest.java:26)
Caused by: org.hibernate.exception.DataException: Could not read entity state from ResultSet : EntityKey[com.sigma.model.User#1]
	at com.sigma.service.UserServiceTest.findUserById(UserServiceTest.java:26)
Caused by: java.sql.SQLDataException: Cannot determine value type from string 'ADMIN'
	at com.sigma.service.UserServiceTest.findUserById(UserServiceTest.java:26)
Caused by: com.mysql.cj.exceptions.DataConversionException: Cannot determine value type from string 'ADMIN'
	at com.sigma.service.UserServiceTest.findUserById(UserServiceTest.java:26)

updateUserTest  Time elapsed: 0.045 s  <<< ERROR!
org.springframework.dao.DataIntegrityViolationException: Could not read entity state from ResultSet : EntityKey[com.sigma.model.User#1]; SQL [n/a]; nested exception is org.hibernate.exception.DataException: Could not read entity state from ResultSet : EntityKey[com.sigma.model.User#1]
	at com.sigma.service.UserServiceTest.updateUserTest(UserServiceTest.java:50)
Caused by: org.hibernate.exception.DataException: Could not read entity state from ResultSet : EntityKey[com.sigma.model.User#1]
	at com.sigma.service.UserServiceTest.updateUserTest(UserServiceTest.java:50)
Caused by: java.sql.SQLDataException: Cannot determine value type from string 'ADMIN'
	at com.sigma.service.UserServiceTest.updateUserTest(UserServiceTest.java:50)
Caused by: com.mysql.cj.exceptions.DataConversionException: Cannot determine value type from string 'ADMIN'
	at com.sigma.service.UserServiceTest.updateUserTest(UserServiceTest.java:50)

createUserTest  Time elapsed: 0.01 s  <<< ERROR!
org.springframework.dao.DataIntegrityViolationException: could not execute query; SQL [select user0_.user_id as user_id1_6_, user0_.password as password2_6_, user0_.role as role3_6_, user0_.user_name as user_nam4_6_ from users user0_]; nested exception is org.hibernate.exception.DataException: could not execute query
	at com.sigma.service.UserServiceTest.createUserTest(UserServiceTest.java:34)
Caused by: org.hibernate.exception.DataException: could not execute query
	at com.sigma.service.UserServiceTest.createUserTest(UserServiceTest.java:34)
Caused by: java.sql.SQLDataException: Cannot determine value type from string 'ADMIN'
	at com.sigma.service.UserServiceTest.createUserTest(UserServiceTest.java:34)
Caused by: com.mysql.cj.exceptions.DataConversionException: Cannot determine value type from string 'ADMIN'
	at com.sigma.service.UserServiceTest.createUserTest(UserServiceTest.java:34)

deleteUser  Time elapsed: 0.011 s  <<< ERROR!
org.springframework.dao.DataIntegrityViolationException: could not execute query; SQL [select user0_.user_id as user_id1_6_, user0_.password as password2_6_, user0_.role as role3_6_, user0_.user_name as user_nam4_6_ from users user0_]; nested exception is org.hibernate.exception.DataException: could not execute query
	at com.sigma.service.UserServiceTest.deleteUser(UserServiceTest.java:60)
Caused by: org.hibernate.exception.DataException: could not execute query
	at com.sigma.service.UserServiceTest.deleteUser(UserServiceTest.java:60)
Caused by: java.sql.SQLDataException: Cannot determine value type from string 'ADMIN'
	at com.sigma.service.UserServiceTest.deleteUser(UserServiceTest.java:60)
Caused by: com.mysql.cj.exceptions.DataConversionException: Cannot determine value type from string 'ADMIN'
	at com.sigma.service.UserServiceTest.deleteUser(UserServiceTest.java:60)

