-------------------------------------------------------------------------------
Test set: com.sigma.service.LocationServiceTest
-------------------------------------------------------------------------------
Tests run: 5, Failures: 0, Errors: 3, Skipped: 0, Time elapsed: 3.976 s <<< FAILURE! - in com.sigma.service.LocationServiceTest
deleteLocationTest  Time elapsed: 0.247 s  <<< ERROR!
javax.persistence.EntityNotFoundException
	at com.sigma.service.LocationServiceTest.deleteLocationTest(LocationServiceTest.java:58)

findLocationByIdTest  Time elapsed: 0.016 s  <<< ERROR!
javax.persistence.EntityNotFoundException
	at com.sigma.service.LocationServiceTest.findLocationByIdTest(LocationServiceTest.java:24)

updateLocationTest  Time elapsed: 0.009 s  <<< ERROR!
javax.persistence.EntityNotFoundException
	at com.sigma.service.LocationServiceTest.updateLocationTest(LocationServiceTest.java:47)

